import pandas as pd
pd.Timestamp("2017-1-1")
pd.Timestamp(2017,10,1)
pd.Timestamp("2017-1-1 12:59:59")
pd.to_datetime(["2017-1-1","2017-1-2","2017-1-3"])
pd.to_datetime(pd.Series(['2017-1-1','2017-1-2','2017-1-3']))
pd.to_datetime(pd.DataFrame({'year':[2017,2017],'month':[1,2],'day':[3,4],'hour':[5,6]}))
pd.DataFrame({'year':[2017,2017],'month':[1,2],'day':[3,4
   ...: ],'hour':[5,6]})
pd.to_datetime(['2017-1-1','invalid'],errors='raise')
pd.to_datetime(['2017-1-1','invalid'],errors='ignore')
pd.to_datetime(['2017-1-1','invalid'],errors='coerce')
pd.date_range('2017-1-1','2017-1-2',freq='H')
pd.date_range('2017-1-1',periods=10,freq='1H20min')
pd.date_range('2017-1-1',periods=10,freq='1D1H')
a = pd.date_range('2017-1-1',periods=10,freq='1D1H')
a
type(a)
a
a[1]
a[0]
a[:1]
a[:2]
a[2:]
from pandas import offsets
a
a + offsets.DataOffsets(months=1,days=2,hours=1)
a + offsets.DateOffsets(months=1,days=2,hours=1)
a + offsets.DateOffset(months=1,days=2,hours=1)
a
a+ 2*offsets.Weeks()
a+ 2*offsets.Week()
a+ 2*offsets
a+ 2*offsets.week()
a+ 2*offsets.Week()
a+ 2*offsets.BDay()
a+ 2*offsets.CDay(1)
a
a+ 2*offsets.CDay(1)
a+ 2*offsets.CDay('1')
pd.Period('2017')
pd.Period('2017-1-1')
pd.Period('2017-1-1 12')
pd.Period('2017-1-1 12:00')
pd.Period('2017-1-1 12:00:00')
pd.period_range('2017-1','2018-1',freq='M')
pd.period_range('2017-1','2018-1',freq='D')
import numpy as np
import pandas as pd
i = pd.date_range('2017-1-1',periods=20,freq='M')
i
data = pd.Series(np.random.randn(len(i)),index = i)
data
data['2017']
data['2017-07':'2018-03']
data.loc['2017-01']
data['2017-3-1':'2018-4-2']
data.truncate(before='2017-3-1',after='2018-4-2')
i = pd.date_range('2017-1-1',periods=5,freq='M')
i
date = pd.Series(np.random.randn(len(i)),index = i)
date
data.shift(3)
data
data.shift(-3)
data.shift(3,freq='D')
import numpy as mp
import numpy as np
import pandas as pd
i = pd.data_range('2017-1-1',periods=20,freq='D')
i = pd.date_range('2017-1-1',periods=20,freq='D')
i
data = pd.Series(np.random.randn(len(i)),index=i)
data
data.resample('2D')
data.resample('2D').sum()
data.resample('2D').mean()
data.resample('2D').max()
data.resample('2D').ohlc()
data.resample('H').ffill()
data.resample('H').asfreq()
data.resample('H').ffill(limit=3)
%hist -f timeSequence.log
